@!@!@STARTMSG 2262:0 @!@!@
TLC2 Version 2.16 of 31 December 2020 (rev: cdddf55)
@!@!@ENDMSG 2262 @!@!@
@!@!@STARTMSG 2187:0 @!@!@
Running breadth-first search Model-Checking with fp 79 and seed 2034334592472074743 with 2 workers on 4 cores with 1408MB heap and 3167MB offheap memory [pid: 29450] (Linux 4.19.0-16-amd64 amd64, AdoptOpenJDK 14.0.1 x86_64, OffHeapDiskFPSet, DiskStateQueue).
@!@!@ENDMSG 2187 @!@!@
@!@!@STARTMSG 2220:0 @!@!@
Starting SANY...
@!@!@ENDMSG 2220 @!@!@
Parsing file /home/davide/Scrivania/Magistrale/Unibo/ricci/Assignment1/WordsCounterSpec.toolbox/Model_1/MC.tla
Parsing file /home/davide/Scrivania/Magistrale/Unibo/ricci/Assignment1/WordsCounterSpec.toolbox/Model_1/Untitled.tla
Parsing file /opt/TLA+Toolbox/plugins/org.lamport.tlatools_1.0.0.202012311918/tla2sany/StandardModules/TLC.tla
Parsing file /opt/TLA+Toolbox/plugins/org.lamport.tlatools_1.0.0.202012311918/tla2sany/StandardModules/Naturals.tla
Parsing file /opt/TLA+Toolbox/plugins/org.lamport.tlatools_1.0.0.202012311918/tla2sany/StandardModules/Sequences.tla
Parsing file /opt/TLA+Toolbox/plugins/org.lamport.tlatools_1.0.0.202012311918/tla2sany/StandardModules/FiniteSets.tla
Semantic processing of module Naturals
Semantic processing of module Sequences
Semantic processing of module FiniteSets
Semantic processing of module TLC
Semantic processing of module Untitled
Semantic processing of module MC
@!@!@STARTMSG 2219:0 @!@!@
SANY finished.
@!@!@ENDMSG 2219 @!@!@
@!@!@STARTMSG 2185:0 @!@!@
Starting... (2021-04-06 17:53:13)
@!@!@ENDMSG 2185 @!@!@
@!@!@STARTMSG 2212:0 @!@!@
Implied-temporal checking--satisfiability problem has 2 branches.
@!@!@ENDMSG 2212 @!@!@
@!@!@STARTMSG 2189:0 @!@!@
Computing initial states...
@!@!@ENDMSG 2189 @!@!@
@!@!@STARTMSG 2190:0 @!@!@
Finished computing initial states: 1 distinct state generated at 2021-04-06 17:53:13.
@!@!@ENDMSG 2190 @!@!@
@!@!@STARTMSG 2132:1 @!@!@
The first argument of Assert evaluated to FALSE; the second argument was:
"Failure of assertion at line 38, column 32."
@!@!@ENDMSG 2132 @!@!@
@!@!@STARTMSG 2121:1 @!@!@
The behavior up to this point is:
@!@!@ENDMSG 2121 @!@!@
@!@!@STARTMSG 2217:4 @!@!@
1: <Initial predicate>
/\ rankLock = 1
/\ pc = <<"MainLoop", "MainLoop">>
/\ freq = 0
/\ words = <<50, 50>>

@!@!@ENDMSG 2217 @!@!@
@!@!@STARTMSG 2217:4 @!@!@
2: <MainLoop line 62, col 19 to line 66, col 58 of module Untitled>
/\ rankLock = 1
/\ pc = <<"l2", "MainLoop">>
/\ freq = 0
/\ words = <<50, 50>>

@!@!@ENDMSG 2217 @!@!@
@!@!@STARTMSG 2217:4 @!@!@
3: <l2 line 68, col 13 to line 72, col 42 of module Untitled>
/\ rankLock = 0
/\ pc = <<"CS", "MainLoop">>
/\ freq = 0
/\ words = <<50, 50>>

@!@!@ENDMSG 2217 @!@!@
@!@!@STARTMSG 2217:4 @!@!@
4: <CS line 74, col 13 to line 78, col 33 of module Untitled>
/\ rankLock = 0
/\ pc = <<"l6", "MainLoop">>
/\ freq = 1
/\ words = <<49, 50>>

@!@!@ENDMSG 2217 @!@!@
@!@!@STARTMSG 2217:4 @!@!@
5: <l6 line 80, col 13 to line 85, col 42 of module Untitled>
/\ rankLock = 1
/\ pc = <<"MainLoop", "MainLoop">>
/\ freq = 1
/\ words = <<49, 50>>

@!@!@ENDMSG 2217 @!@!@
@!@!@STARTMSG 2217:4 @!@!@
6: <MainLoop line 62, col 19 to line 66, col 58 of module Untitled>
/\ rankLock = 1
/\ pc = <<"l2", "MainLoop">>
/\ freq = 1
/\ words = <<49, 50>>

@!@!@ENDMSG 2217 @!@!@
@!@!@STARTMSG 2217:4 @!@!@
7: <l2 line 68, col 13 to line 72, col 42 of module Untitled>
/\ rankLock = 0
/\ pc = <<"CS", "MainLoop">>
/\ freq = 1
/\ words = <<49, 50>>

@!@!@ENDMSG 2217 @!@!@
@!@!@STARTMSG 2217:4 @!@!@
8: <CS line 74, col 13 to line 78, col 33 of module Untitled>
/\ rankLock = 0
/\ pc = <<"l6", "MainLoop">>
/\ freq = 2
/\ words = <<48, 50>>

@!@!@ENDMSG 2217 @!@!@
@!@!@STARTMSG 2217:4 @!@!@
9: <l6 line 80, col 13 to line 85, col 42 of module Untitled>
/\ rankLock = 1
/\ pc = <<"MainLoop", "MainLoop">>
/\ freq = 2
/\ words = <<48, 50>>

@!@!@ENDMSG 2217 @!@!@
@!@!@STARTMSG 2217:4 @!@!@
10: <MainLoop line 62, col 19 to line 66, col 58 of module Untitled>
/\ rankLock = 1
/\ pc = <<"l2", "MainLoop">>
/\ freq = 2
/\ words = <<48, 50>>

@!@!@ENDMSG 2217 @!@!@
@!@!@STARTMSG 2217:4 @!@!@
11: <l2 line 68, col 13 to line 72, col 42 of module Untitled>
/\ rankLock = 0
/\ pc = <<"CS", "MainLoop">>
/\ freq = 2
/\ words = <<48, 50>>

@!@!@ENDMSG 2217 @!@!@
@!@!@STARTMSG 2217:4 @!@!@
12: <CS line 74, col 13 to line 78, col 33 of module Untitled>
/\ rankLock = 0
/\ pc = <<"l6", "MainLoop">>
/\ freq = 3
/\ words = <<47, 50>>

@!@!@ENDMSG 2217 @!@!@
@!@!@STARTMSG 2217:4 @!@!@
13: <l6 line 80, col 13 to line 85, col 42 of module Untitled>
/\ rankLock = 1
/\ pc = <<"MainLoop", "MainLoop">>
/\ freq = 3
/\ words = <<47, 50>>

@!@!@ENDMSG 2217 @!@!@
@!@!@STARTMSG 2217:4 @!@!@
14: <MainLoop line 62, col 19 to line 66, col 58 of module Untitled>
/\ rankLock = 1
/\ pc = <<"l2", "MainLoop">>
/\ freq = 3
/\ words = <<47, 50>>

@!@!@ENDMSG 2217 @!@!@
@!@!@STARTMSG 2217:4 @!@!@
15: <l2 line 68, col 13 to line 72, col 42 of module Untitled>
/\ rankLock = 0
/\ pc = <<"CS", "MainLoop">>
/\ freq = 3
/\ words = <<47, 50>>

@!@!@ENDMSG 2217 @!@!@
@!@!@STARTMSG 2217:4 @!@!@
16: <CS line 74, col 13 to line 78, col 33 of module Untitled>
/\ rankLock = 0
/\ pc = <<"l6", "MainLoop">>
/\ freq = 4
/\ words = <<46, 50>>

@!@!@ENDMSG 2217 @!@!@
@!@!@STARTMSG 2217:4 @!@!@
17: <l6 line 80, col 13 to line 85, col 42 of module Untitled>
/\ rankLock = 1
/\ pc = <<"MainLoop", "MainLoop">>
/\ freq = 4
/\ words = <<46, 50>>

@!@!@ENDMSG 2217 @!@!@
@!@!@STARTMSG 2217:4 @!@!@
18: <MainLoop line 62, col 19 to line 66, col 58 of module Untitled>
/\ rankLock = 1
/\ pc = <<"l2", "MainLoop">>
/\ freq = 4
/\ words = <<46, 50>>

@!@!@ENDMSG 2217 @!@!@
@!@!@STARTMSG 2217:4 @!@!@
19: <l2 line 68, col 13 to line 72, col 42 of module Untitled>
/\ rankLock = 0
/\ pc = <<"CS", "MainLoop">>
/\ freq = 4
/\ words = <<46, 50>>

@!@!@ENDMSG 2217 @!@!@
@!@!@STARTMSG 2217:4 @!@!@
20: <CS line 74, col 13 to line 78, col 33 of module Untitled>
/\ rankLock = 0
/\ pc = <<"l6", "MainLoop">>
/\ freq = 5
/\ words = <<45, 50>>

@!@!@ENDMSG 2217 @!@!@
@!@!@STARTMSG 2217:4 @!@!@
21: <l6 line 80, col 13 to line 85, col 42 of module Untitled>
/\ rankLock = 1
/\ pc = <<"MainLoop", "MainLoop">>
/\ freq = 5
/\ words = <<45, 50>>

@!@!@ENDMSG 2217 @!@!@
@!@!@STARTMSG 2217:4 @!@!@
22: <MainLoop line 62, col 19 to line 66, col 58 of module Untitled>
/\ rankLock = 1
/\ pc = <<"l2", "MainLoop">>
/\ freq = 5
/\ words = <<45, 50>>

@!@!@ENDMSG 2217 @!@!@
@!@!@STARTMSG 2217:4 @!@!@
23: <l2 line 68, col 13 to line 72, col 42 of module Untitled>
/\ rankLock = 0
/\ pc = <<"CS", "MainLoop">>
/\ freq = 5
/\ words = <<45, 50>>

@!@!@ENDMSG 2217 @!@!@
@!@!@STARTMSG 2217:4 @!@!@
24: <CS line 74, col 13 to line 78, col 33 of module Untitled>
/\ rankLock = 0
/\ pc = <<"l6", "MainLoop">>
/\ freq = 6
/\ words = <<44, 50>>

@!@!@ENDMSG 2217 @!@!@
@!@!@STARTMSG 2217:4 @!@!@
25: <l6 line 80, col 13 to line 85, col 42 of module Untitled>
/\ rankLock = 1
/\ pc = <<"MainLoop", "MainLoop">>
/\ freq = 6
/\ words = <<44, 50>>

@!@!@ENDMSG 2217 @!@!@
@!@!@STARTMSG 2217:4 @!@!@
26: <MainLoop line 62, col 19 to line 66, col 58 of module Untitled>
/\ rankLock = 1
/\ pc = <<"l2", "MainLoop">>
/\ freq = 6
/\ words = <<44, 50>>

@!@!@ENDMSG 2217 @!@!@
@!@!@STARTMSG 2217:4 @!@!@
27: <l2 line 68, col 13 to line 72, col 42 of module Untitled>
/\ rankLock = 0
/\ pc = <<"CS", "MainLoop">>
/\ freq = 6
/\ words = <<44, 50>>

@!@!@ENDMSG 2217 @!@!@
@!@!@STARTMSG 2217:4 @!@!@
28: <CS line 74, col 13 to line 78, col 33 of module Untitled>
/\ rankLock = 0
/\ pc = <<"l6", "MainLoop">>
/\ freq = 7
/\ words = <<43, 50>>

@!@!@ENDMSG 2217 @!@!@
@!@!@STARTMSG 2217:4 @!@!@
29: <l6 line 80, col 13 to line 85, col 42 of module Untitled>
/\ rankLock = 1
/\ pc = <<"MainLoop", "MainLoop">>
/\ freq = 7
/\ words = <<43, 50>>

@!@!@ENDMSG 2217 @!@!@
@!@!@STARTMSG 2217:4 @!@!@
30: <MainLoop line 62, col 19 to line 66, col 58 of module Untitled>
/\ rankLock = 1
/\ pc = <<"l2", "MainLoop">>
/\ freq = 7
/\ words = <<43, 50>>

@!@!@ENDMSG 2217 @!@!@
@!@!@STARTMSG 2217:4 @!@!@
31: <l2 line 68, col 13 to line 72, col 42 of module Untitled>
/\ rankLock = 0
/\ pc = <<"CS", "MainLoop">>
/\ freq = 7
/\ words = <<43, 50>>

@!@!@ENDMSG 2217 @!@!@
@!@!@STARTMSG 2217:4 @!@!@
32: <CS line 74, col 13 to line 78, col 33 of module Untitled>
/\ rankLock = 0
/\ pc = <<"l6", "MainLoop">>
/\ freq = 8
/\ words = <<42, 50>>

@!@!@ENDMSG 2217 @!@!@
@!@!@STARTMSG 2217:4 @!@!@
33: <l6 line 80, col 13 to line 85, col 42 of module Untitled>
/\ rankLock = 1
/\ pc = <<"MainLoop", "MainLoop">>
/\ freq = 8
/\ words = <<42, 50>>

@!@!@ENDMSG 2217 @!@!@
@!@!@STARTMSG 2217:4 @!@!@
34: <MainLoop line 62, col 19 to line 66, col 58 of module Untitled>
/\ rankLock = 1
/\ pc = <<"l2", "MainLoop">>
/\ freq = 8
/\ words = <<42, 50>>

@!@!@ENDMSG 2217 @!@!@
@!@!@STARTMSG 2217:4 @!@!@
35: <l2 line 68, col 13 to line 72, col 42 of module Untitled>
/\ rankLock = 0
/\ pc = <<"CS", "MainLoop">>
/\ freq = 8
/\ words = <<42, 50>>

@!@!@ENDMSG 2217 @!@!@
@!@!@STARTMSG 2217:4 @!@!@
36: <CS line 74, col 13 to line 78, col 33 of module Untitled>
/\ rankLock = 0
/\ pc = <<"l6", "MainLoop">>
/\ freq = 9
/\ words = <<41, 50>>

@!@!@ENDMSG 2217 @!@!@
@!@!@STARTMSG 2217:4 @!@!@
37: <l6 line 80, col 13 to line 85, col 42 of module Untitled>
/\ rankLock = 1
/\ pc = <<"MainLoop", "MainLoop">>
/\ freq = 9
/\ words = <<41, 50>>

@!@!@ENDMSG 2217 @!@!@
@!@!@STARTMSG 2217:4 @!@!@
38: <MainLoop line 62, col 19 to line 66, col 58 of module Untitled>
/\ rankLock = 1
/\ pc = <<"l2", "MainLoop">>
/\ freq = 9
/\ words = <<41, 50>>

@!@!@ENDMSG 2217 @!@!@
@!@!@STARTMSG 2217:4 @!@!@
39: <l2 line 68, col 13 to line 72, col 42 of module Untitled>
/\ rankLock = 0
/\ pc = <<"CS", "MainLoop">>
/\ freq = 9
/\ words = <<41, 50>>

@!@!@ENDMSG 2217 @!@!@
@!@!@STARTMSG 2217:4 @!@!@
40: <CS line 74, col 13 to line 78, col 33 of module Untitled>
/\ rankLock = 0
/\ pc = <<"l6", "MainLoop">>
/\ freq = 10
/\ words = <<40, 50>>

@!@!@ENDMSG 2217 @!@!@
@!@!@STARTMSG 2217:4 @!@!@
41: <l6 line 80, col 13 to line 85, col 42 of module Untitled>
/\ rankLock = 1
/\ pc = <<"MainLoop", "MainLoop">>
/\ freq = 10
/\ words = <<40, 50>>

@!@!@ENDMSG 2217 @!@!@
@!@!@STARTMSG 2217:4 @!@!@
42: <MainLoop line 62, col 19 to line 66, col 58 of module Untitled>
/\ rankLock = 1
/\ pc = <<"l2", "MainLoop">>
/\ freq = 10
/\ words = <<40, 50>>

@!@!@ENDMSG 2217 @!@!@
@!@!@STARTMSG 2217:4 @!@!@
43: <l2 line 68, col 13 to line 72, col 42 of module Untitled>
/\ rankLock = 0
/\ pc = <<"CS", "MainLoop">>
/\ freq = 10
/\ words = <<40, 50>>

@!@!@ENDMSG 2217 @!@!@
@!@!@STARTMSG 2217:4 @!@!@
44: <CS line 74, col 13 to line 78, col 33 of module Untitled>
/\ rankLock = 0
/\ pc = <<"l6", "MainLoop">>
/\ freq = 11
/\ words = <<39, 50>>

@!@!@ENDMSG 2217 @!@!@
@!@!@STARTMSG 2217:4 @!@!@
45: <l6 line 80, col 13 to line 85, col 42 of module Untitled>
/\ rankLock = 1
/\ pc = <<"MainLoop", "MainLoop">>
/\ freq = 11
/\ words = <<39, 50>>

@!@!@ENDMSG 2217 @!@!@
@!@!@STARTMSG 2217:4 @!@!@
46: <MainLoop line 62, col 19 to line 66, col 58 of module Untitled>
/\ rankLock = 1
/\ pc = <<"l2", "MainLoop">>
/\ freq = 11
/\ words = <<39, 50>>

@!@!@ENDMSG 2217 @!@!@
@!@!@STARTMSG 2217:4 @!@!@
47: <l2 line 68, col 13 to line 72, col 42 of module Untitled>
/\ rankLock = 0
/\ pc = <<"CS", "MainLoop">>
/\ freq = 11
/\ words = <<39, 50>>

@!@!@ENDMSG 2217 @!@!@
@!@!@STARTMSG 2217:4 @!@!@
48: <MainLoop line 62, col 19 to line 66, col 58 of module Untitled>
/\ rankLock = 0
/\ pc = <<"CS", "l2">>
/\ freq = 11
/\ words = <<39, 50>>

@!@!@ENDMSG 2217 @!@!@
@!@!@STARTMSG 2217:4 @!@!@
49: <CS line 74, col 13 to line 78, col 33 of module Untitled>
/\ rankLock = 0
/\ pc = <<"l6", "l2">>
/\ freq = 12
/\ words = <<38, 50>>

@!@!@ENDMSG 2217 @!@!@
@!@!@STARTMSG 2217:4 @!@!@
50: <l6 line 80, col 13 to line 85, col 42 of module Untitled>
/\ rankLock = 1
/\ pc = <<"MainLoop", "l2">>
/\ freq = 12
/\ words = <<38, 50>>

@!@!@ENDMSG 2217 @!@!@
@!@!@STARTMSG 2217:4 @!@!@
51: <MainLoop line 62, col 19 to line 66, col 58 of module Untitled>
/\ rankLock = 1
/\ pc = <<"l2", "l2">>
/\ freq = 12
/\ words = <<38, 50>>

@!@!@ENDMSG 2217 @!@!@
@!@!@STARTMSG 2217:4 @!@!@
52: <l2 line 68, col 13 to line 72, col 42 of module Untitled>
/\ rankLock = 0
/\ pc = <<"CS", "l2">>
/\ freq = 12
/\ words = <<38, 50>>

@!@!@ENDMSG 2217 @!@!@
@!@!@STARTMSG 2217:4 @!@!@
53: <CS line 74, col 13 to line 78, col 33 of module Untitled>
/\ rankLock = 0
/\ pc = <<"l6", "l2">>
/\ freq = 13
/\ words = <<37, 50>>

@!@!@ENDMSG 2217 @!@!@
@!@!@STARTMSG 2217:4 @!@!@
54: <l6 line 80, col 13 to line 85, col 42 of module Untitled>
/\ rankLock = 1
/\ pc = <<"MainLoop", "l2">>
/\ freq = 13
/\ words = <<37, 50>>

@!@!@ENDMSG 2217 @!@!@
@!@!@STARTMSG 2217:4 @!@!@
55: <MainLoop line 62, col 19 to line 66, col 58 of module Untitled>
/\ rankLock = 1
/\ pc = <<"l2", "l2">>
/\ freq = 13
/\ words = <<37, 50>>

@!@!@ENDMSG 2217 @!@!@
@!@!@STARTMSG 2217:4 @!@!@
56: <l2 line 68, col 13 to line 72, col 42 of module Untitled>
/\ rankLock = 0
/\ pc = <<"CS", "l2">>
/\ freq = 13
/\ words = <<37, 50>>

@!@!@ENDMSG 2217 @!@!@
@!@!@STARTMSG 2217:4 @!@!@
57: <CS line 74, col 13 to line 78, col 33 of module Untitled>
/\ rankLock = 0
/\ pc = <<"l6", "l2">>
/\ freq = 14
/\ words = <<36, 50>>

@!@!@ENDMSG 2217 @!@!@
@!@!@STARTMSG 2217:4 @!@!@
58: <l6 line 80, col 13 to line 85, col 42 of module Untitled>
/\ rankLock = 1
/\ pc = <<"MainLoop", "l2">>
/\ freq = 14
/\ words = <<36, 50>>

@!@!@ENDMSG 2217 @!@!@
@!@!@STARTMSG 2217:4 @!@!@
59: <MainLoop line 62, col 19 to line 66, col 58 of module Untitled>
/\ rankLock = 1
/\ pc = <<"l2", "l2">>
/\ freq = 14
/\ words = <<36, 50>>

@!@!@ENDMSG 2217 @!@!@
@!@!@STARTMSG 2217:4 @!@!@
60: <l2 line 68, col 13 to line 72, col 42 of module Untitled>
/\ rankLock = 0
/\ pc = <<"CS", "l2">>
/\ freq = 14
/\ words = <<36, 50>>

@!@!@ENDMSG 2217 @!@!@
@!@!@STARTMSG 2217:4 @!@!@
61: <CS line 74, col 13 to line 78, col 33 of module Untitled>
/\ rankLock = 0
/\ pc = <<"l6", "l2">>
/\ freq = 15
/\ words = <<35, 50>>

@!@!@ENDMSG 2217 @!@!@
@!@!@STARTMSG 2217:4 @!@!@
62: <l6 line 80, col 13 to line 85, col 42 of module Untitled>
/\ rankLock = 1
/\ pc = <<"MainLoop", "l2">>
/\ freq = 15
/\ words = <<35, 50>>

@!@!@ENDMSG 2217 @!@!@
@!@!@STARTMSG 2217:4 @!@!@
63: <MainLoop line 62, col 19 to line 66, col 58 of module Untitled>
/\ rankLock = 1
/\ pc = <<"l2", "l2">>
/\ freq = 15
/\ words = <<35, 50>>

@!@!@ENDMSG 2217 @!@!@
@!@!@STARTMSG 2217:4 @!@!@
64: <l2 line 68, col 13 to line 72, col 42 of module Untitled>
/\ rankLock = 0
/\ pc = <<"CS", "l2">>
/\ freq = 15
/\ words = <<35, 50>>

@!@!@ENDMSG 2217 @!@!@
@!@!@STARTMSG 2217:4 @!@!@
65: <CS line 74, col 13 to line 78, col 33 of module Untitled>
/\ rankLock = 0
/\ pc = <<"l6", "l2">>
/\ freq = 16
/\ words = <<34, 50>>

@!@!@ENDMSG 2217 @!@!@
@!@!@STARTMSG 2217:4 @!@!@
66: <l6 line 80, col 13 to line 85, col 42 of module Untitled>
/\ rankLock = 1
/\ pc = <<"MainLoop", "l2">>
/\ freq = 16
/\ words = <<34, 50>>

@!@!@ENDMSG 2217 @!@!@
@!@!@STARTMSG 2217:4 @!@!@
67: <MainLoop line 62, col 19 to line 66, col 58 of module Untitled>
/\ rankLock = 1
/\ pc = <<"l2", "l2">>
/\ freq = 16
/\ words = <<34, 50>>

@!@!@ENDMSG 2217 @!@!@
@!@!@STARTMSG 2217:4 @!@!@
68: <l2 line 68, col 13 to line 72, col 42 of module Untitled>
/\ rankLock = 0
/\ pc = <<"CS", "l2">>
/\ freq = 16
/\ words = <<34, 50>>

@!@!@ENDMSG 2217 @!@!@
@!@!@STARTMSG 2217:4 @!@!@
69: <CS line 74, col 13 to line 78, col 33 of module Untitled>
/\ rankLock = 0
/\ pc = <<"l6", "l2">>
/\ freq = 17
/\ words = <<33, 50>>

@!@!@ENDMSG 2217 @!@!@
@!@!@STARTMSG 2217:4 @!@!@
70: <l6 line 80, col 13 to line 85, col 42 of module Untitled>
/\ rankLock = 1
/\ pc = <<"MainLoop", "l2">>
/\ freq = 17
/\ words = <<33, 50>>

@!@!@ENDMSG 2217 @!@!@
@!@!@STARTMSG 2217:4 @!@!@
71: <MainLoop line 62, col 19 to line 66, col 58 of module Untitled>
/\ rankLock = 1
/\ pc = <<"l2", "l2">>
/\ freq = 17
/\ words = <<33, 50>>

@!@!@ENDMSG 2217 @!@!@
@!@!@STARTMSG 2217:4 @!@!@
72: <l2 line 68, col 13 to line 72, col 42 of module Untitled>
/\ rankLock = 0
/\ pc = <<"CS", "l2">>
/\ freq = 17
/\ words = <<33, 50>>

@!@!@ENDMSG 2217 @!@!@
@!@!@STARTMSG 2217:4 @!@!@
73: <CS line 74, col 13 to line 78, col 33 of module Untitled>
/\ rankLock = 0
/\ pc = <<"l6", "l2">>
/\ freq = 18
/\ words = <<32, 50>>

@!@!@ENDMSG 2217 @!@!@
@!@!@STARTMSG 2217:4 @!@!@
74: <l6 line 80, col 13 to line 85, col 42 of module Untitled>
/\ rankLock = 1
/\ pc = <<"MainLoop", "l2">>
/\ freq = 18
/\ words = <<32, 50>>

@!@!@ENDMSG 2217 @!@!@
@!@!@STARTMSG 2217:4 @!@!@
75: <MainLoop line 62, col 19 to line 66, col 58 of module Untitled>
/\ rankLock = 1
/\ pc = <<"l2", "l2">>
/\ freq = 18
/\ words = <<32, 50>>

@!@!@ENDMSG 2217 @!@!@
@!@!@STARTMSG 2217:4 @!@!@
76: <l2 line 68, col 13 to line 72, col 42 of module Untitled>
/\ rankLock = 0
/\ pc = <<"CS", "l2">>
/\ freq = 18
/\ words = <<32, 50>>

@!@!@ENDMSG 2217 @!@!@
@!@!@STARTMSG 2217:4 @!@!@
77: <CS line 74, col 13 to line 78, col 33 of module Untitled>
/\ rankLock = 0
/\ pc = <<"l6", "l2">>
/\ freq = 19
/\ words = <<31, 50>>

@!@!@ENDMSG 2217 @!@!@
@!@!@STARTMSG 2217:4 @!@!@
78: <l6 line 80, col 13 to line 85, col 42 of module Untitled>
/\ rankLock = 1
/\ pc = <<"MainLoop", "l2">>
/\ freq = 19
/\ words = <<31, 50>>

@!@!@ENDMSG 2217 @!@!@
@!@!@STARTMSG 2217:4 @!@!@
79: <MainLoop line 62, col 19 to line 66, col 58 of module Untitled>
/\ rankLock = 1
/\ pc = <<"l2", "l2">>
/\ freq = 19
/\ words = <<31, 50>>

@!@!@ENDMSG 2217 @!@!@
@!@!@STARTMSG 2217:4 @!@!@
80: <l2 line 68, col 13 to line 72, col 42 of module Untitled>
/\ rankLock = 0
/\ pc = <<"CS", "l2">>
/\ freq = 19
/\ words = <<31, 50>>

@!@!@ENDMSG 2217 @!@!@
@!@!@STARTMSG 2217:4 @!@!@
81: <CS line 74, col 13 to line 78, col 33 of module Untitled>
/\ rankLock = 0
/\ pc = <<"l6", "l2">>
/\ freq = 20
/\ words = <<30, 50>>

@!@!@ENDMSG 2217 @!@!@
@!@!@STARTMSG 2217:4 @!@!@
82: <l6 line 80, col 13 to line 85, col 42 of module Untitled>
/\ rankLock = 1
/\ pc = <<"MainLoop", "l2">>
/\ freq = 20
/\ words = <<30, 50>>

@!@!@ENDMSG 2217 @!@!@
@!@!@STARTMSG 2217:4 @!@!@
83: <MainLoop line 62, col 19 to line 66, col 58 of module Untitled>
/\ rankLock = 1
/\ pc = <<"l2", "l2">>
/\ freq = 20
/\ words = <<30, 50>>

@!@!@ENDMSG 2217 @!@!@
@!@!@STARTMSG 2217:4 @!@!@
84: <l2 line 68, col 13 to line 72, col 42 of module Untitled>
/\ rankLock = 0
/\ pc = <<"CS", "l2">>
/\ freq = 20
/\ words = <<30, 50>>

@!@!@ENDMSG 2217 @!@!@
@!@!@STARTMSG 2217:4 @!@!@
85: <CS line 74, col 13 to line 78, col 33 of module Untitled>
/\ rankLock = 0
/\ pc = <<"l6", "l2">>
/\ freq = 21
/\ words = <<29, 50>>

@!@!@ENDMSG 2217 @!@!@
@!@!@STARTMSG 2217:4 @!@!@
86: <l6 line 80, col 13 to line 85, col 42 of module Untitled>
/\ rankLock = 1
/\ pc = <<"MainLoop", "l2">>
/\ freq = 21
/\ words = <<29, 50>>

@!@!@ENDMSG 2217 @!@!@
@!@!@STARTMSG 2217:4 @!@!@
87: <MainLoop line 62, col 19 to line 66, col 58 of module Untitled>
/\ rankLock = 1
/\ pc = <<"l2", "l2">>
/\ freq = 21
/\ words = <<29, 50>>

@!@!@ENDMSG 2217 @!@!@
@!@!@STARTMSG 2217:4 @!@!@
88: <l2 line 68, col 13 to line 72, col 42 of module Untitled>
/\ rankLock = 0
/\ pc = <<"CS", "l2">>
/\ freq = 21
/\ words = <<29, 50>>

@!@!@ENDMSG 2217 @!@!@
@!@!@STARTMSG 2217:4 @!@!@
89: <CS line 74, col 13 to line 78, col 33 of module Untitled>
/\ rankLock = 0
/\ pc = <<"l6", "l2">>
/\ freq = 22
/\ words = <<28, 50>>

@!@!@ENDMSG 2217 @!@!@
@!@!@STARTMSG 2217:4 @!@!@
90: <l6 line 80, col 13 to line 85, col 42 of module Untitled>
/\ rankLock = 1
/\ pc = <<"MainLoop", "l2">>
/\ freq = 22
/\ words = <<28, 50>>

@!@!@ENDMSG 2217 @!@!@
@!@!@STARTMSG 2217:4 @!@!@
91: <MainLoop line 62, col 19 to line 66, col 58 of module Untitled>
/\ rankLock = 1
/\ pc = <<"l2", "l2">>
/\ freq = 22
/\ words = <<28, 50>>

@!@!@ENDMSG 2217 @!@!@
@!@!@STARTMSG 2217:4 @!@!@
92: <l2 line 68, col 13 to line 72, col 42 of module Untitled>
/\ rankLock = 0
/\ pc = <<"CS", "l2">>
/\ freq = 22
/\ words = <<28, 50>>

@!@!@ENDMSG 2217 @!@!@
@!@!@STARTMSG 2217:4 @!@!@
93: <CS line 74, col 13 to line 78, col 33 of module Untitled>
/\ rankLock = 0
/\ pc = <<"l6", "l2">>
/\ freq = 23
/\ words = <<27, 50>>

@!@!@ENDMSG 2217 @!@!@
@!@!@STARTMSG 2217:4 @!@!@
94: <l6 line 80, col 13 to line 85, col 42 of module Untitled>
/\ rankLock = 1
/\ pc = <<"MainLoop", "l2">>
/\ freq = 23
/\ words = <<27, 50>>

@!@!@ENDMSG 2217 @!@!@
@!@!@STARTMSG 2217:4 @!@!@
95: <MainLoop line 62, col 19 to line 66, col 58 of module Untitled>
/\ rankLock = 1
/\ pc = <<"l2", "l2">>
/\ freq = 23
/\ words = <<27, 50>>

@!@!@ENDMSG 2217 @!@!@
@!@!@STARTMSG 2217:4 @!@!@
96: <l2 line 68, col 13 to line 72, col 42 of module Untitled>
/\ rankLock = 0
/\ pc = <<"CS", "l2">>
/\ freq = 23
/\ words = <<27, 50>>

@!@!@ENDMSG 2217 @!@!@
@!@!@STARTMSG 2217:4 @!@!@
97: <CS line 74, col 13 to line 78, col 33 of module Untitled>
/\ rankLock = 0
/\ pc = <<"l6", "l2">>
/\ freq = 24
/\ words = <<26, 50>>

@!@!@ENDMSG 2217 @!@!@
@!@!@STARTMSG 2217:4 @!@!@
98: <l6 line 80, col 13 to line 85, col 42 of module Untitled>
/\ rankLock = 1
/\ pc = <<"MainLoop", "l2">>
/\ freq = 24
/\ words = <<26, 50>>

@!@!@ENDMSG 2217 @!@!@
@!@!@STARTMSG 2217:4 @!@!@
99: <MainLoop line 62, col 19 to line 66, col 58 of module Untitled>
/\ rankLock = 1
/\ pc = <<"l2", "l2">>
/\ freq = 24
/\ words = <<26, 50>>

@!@!@ENDMSG 2217 @!@!@
@!@!@STARTMSG 2217:4 @!@!@
100: <l2 line 68, col 13 to line 72, col 42 of module Untitled>
/\ rankLock = 0
/\ pc = <<"CS", "l2">>
/\ freq = 24
/\ words = <<26, 50>>

@!@!@ENDMSG 2217 @!@!@
@!@!@STARTMSG 2217:4 @!@!@
101: <CS line 74, col 13 to line 78, col 33 of module Untitled>
/\ rankLock = 0
/\ pc = <<"l6", "l2">>
/\ freq = 25
/\ words = <<25, 50>>

@!@!@ENDMSG 2217 @!@!@
@!@!@STARTMSG 2217:4 @!@!@
102: <l6 line 80, col 13 to line 85, col 42 of module Untitled>
/\ rankLock = 1
/\ pc = <<"MainLoop", "l2">>
/\ freq = 25
/\ words = <<25, 50>>

@!@!@ENDMSG 2217 @!@!@
@!@!@STARTMSG 2217:4 @!@!@
103: <MainLoop line 62, col 19 to line 66, col 58 of module Untitled>
/\ rankLock = 1
/\ pc = <<"l2", "l2">>
/\ freq = 25
/\ words = <<25, 50>>

@!@!@ENDMSG 2217 @!@!@
@!@!@STARTMSG 2217:4 @!@!@
104: <l2 line 68, col 13 to line 72, col 42 of module Untitled>
/\ rankLock = 0
/\ pc = <<"CS", "l2">>
/\ freq = 25
/\ words = <<25, 50>>

@!@!@ENDMSG 2217 @!@!@
@!@!@STARTMSG 2217:4 @!@!@
105: <CS line 74, col 13 to line 78, col 33 of module Untitled>
/\ rankLock = 0
/\ pc = <<"l6", "l2">>
/\ freq = 26
/\ words = <<24, 50>>

@!@!@ENDMSG 2217 @!@!@
@!@!@STARTMSG 2217:4 @!@!@
106: <l6 line 80, col 13 to line 85, col 42 of module Untitled>
/\ rankLock = 1
/\ pc = <<"MainLoop", "l2">>
/\ freq = 26
/\ words = <<24, 50>>

@!@!@ENDMSG 2217 @!@!@
@!@!@STARTMSG 2217:4 @!@!@
107: <MainLoop line 62, col 19 to line 66, col 58 of module Untitled>
/\ rankLock = 1
/\ pc = <<"l2", "l2">>
/\ freq = 26
/\ words = <<24, 50>>

@!@!@ENDMSG 2217 @!@!@
@!@!@STARTMSG 2217:4 @!@!@
108: <l2 line 68, col 13 to line 72, col 42 of module Untitled>
/\ rankLock = 0
/\ pc = <<"CS", "l2">>
/\ freq = 26
/\ words = <<24, 50>>

@!@!@ENDMSG 2217 @!@!@
@!@!@STARTMSG 2217:4 @!@!@
109: <CS line 74, col 13 to line 78, col 33 of module Untitled>
/\ rankLock = 0
/\ pc = <<"l6", "l2">>
/\ freq = 27
/\ words = <<23, 50>>

@!@!@ENDMSG 2217 @!@!@
@!@!@STARTMSG 2217:4 @!@!@
110: <l6 line 80, col 13 to line 85, col 42 of module Untitled>
/\ rankLock = 1
/\ pc = <<"MainLoop", "l2">>
/\ freq = 27
/\ words = <<23, 50>>

@!@!@ENDMSG 2217 @!@!@
@!@!@STARTMSG 2217:4 @!@!@
111: <MainLoop line 62, col 19 to line 66, col 58 of module Untitled>
/\ rankLock = 1
/\ pc = <<"l2", "l2">>
/\ freq = 27
/\ words = <<23, 50>>

@!@!@ENDMSG 2217 @!@!@
@!@!@STARTMSG 2217:4 @!@!@
112: <l2 line 68, col 13 to line 72, col 42 of module Untitled>
/\ rankLock = 0
/\ pc = <<"CS", "l2">>
/\ freq = 27
/\ words = <<23, 50>>

@!@!@ENDMSG 2217 @!@!@
@!@!@STARTMSG 2217:4 @!@!@
113: <CS line 74, col 13 to line 78, col 33 of module Untitled>
/\ rankLock = 0
/\ pc = <<"l6", "l2">>
/\ freq = 28
/\ words = <<22, 50>>

@!@!@ENDMSG 2217 @!@!@
@!@!@STARTMSG 2217:4 @!@!@
114: <l6 line 80, col 13 to line 85, col 42 of module Untitled>
/\ rankLock = 1
/\ pc = <<"MainLoop", "l2">>
/\ freq = 28
/\ words = <<22, 50>>

@!@!@ENDMSG 2217 @!@!@
@!@!@STARTMSG 2217:4 @!@!@
115: <MainLoop line 62, col 19 to line 66, col 58 of module Untitled>
/\ rankLock = 1
/\ pc = <<"l2", "l2">>
/\ freq = 28
/\ words = <<22, 50>>

@!@!@ENDMSG 2217 @!@!@
@!@!@STARTMSG 2217:4 @!@!@
116: <l2 line 68, col 13 to line 72, col 42 of module Untitled>
/\ rankLock = 0
/\ pc = <<"CS", "l2">>
/\ freq = 28
/\ words = <<22, 50>>

@!@!@ENDMSG 2217 @!@!@
@!@!@STARTMSG 2217:4 @!@!@
117: <CS line 74, col 13 to line 78, col 33 of module Untitled>
/\ rankLock = 0
/\ pc = <<"l6", "l2">>
/\ freq = 29
/\ words = <<21, 50>>

@!@!@ENDMSG 2217 @!@!@
@!@!@STARTMSG 2217:4 @!@!@
118: <l6 line 80, col 13 to line 85, col 42 of module Untitled>
/\ rankLock = 1
/\ pc = <<"MainLoop", "l2">>
/\ freq = 29
/\ words = <<21, 50>>

@!@!@ENDMSG 2217 @!@!@
@!@!@STARTMSG 2217:4 @!@!@
119: <MainLoop line 62, col 19 to line 66, col 58 of module Untitled>
/\ rankLock = 1
/\ pc = <<"l2", "l2">>
/\ freq = 29
/\ words = <<21, 50>>

@!@!@ENDMSG 2217 @!@!@
@!@!@STARTMSG 2217:4 @!@!@
120: <l2 line 68, col 13 to line 72, col 42 of module Untitled>
/\ rankLock = 0
/\ pc = <<"CS", "l2">>
/\ freq = 29
/\ words = <<21, 50>>

@!@!@ENDMSG 2217 @!@!@
@!@!@STARTMSG 2217:4 @!@!@
121: <CS line 74, col 13 to line 78, col 33 of module Untitled>
/\ rankLock = 0
/\ pc = <<"l6", "l2">>
/\ freq = 30
/\ words = <<20, 50>>

@!@!@ENDMSG 2217 @!@!@
@!@!@STARTMSG 2217:4 @!@!@
122: <l6 line 80, col 13 to line 85, col 42 of module Untitled>
/\ rankLock = 1
/\ pc = <<"MainLoop", "l2">>
/\ freq = 30
/\ words = <<20, 50>>

@!@!@ENDMSG 2217 @!@!@
@!@!@STARTMSG 2217:4 @!@!@
123: <MainLoop line 62, col 19 to line 66, col 58 of module Untitled>
/\ rankLock = 1
/\ pc = <<"l2", "l2">>
/\ freq = 30
/\ words = <<20, 50>>

@!@!@ENDMSG 2217 @!@!@
@!@!@STARTMSG 2217:4 @!@!@
124: <l2 line 68, col 13 to line 72, col 42 of module Untitled>
/\ rankLock = 0
/\ pc = <<"CS", "l2">>
/\ freq = 30
/\ words = <<20, 50>>

@!@!@ENDMSG 2217 @!@!@
@!@!@STARTMSG 2217:4 @!@!@
125: <CS line 74, col 13 to line 78, col 33 of module Untitled>
/\ rankLock = 0
/\ pc = <<"l6", "l2">>
/\ freq = 31
/\ words = <<19, 50>>

@!@!@ENDMSG 2217 @!@!@
@!@!@STARTMSG 2217:4 @!@!@
126: <l6 line 80, col 13 to line 85, col 42 of module Untitled>
/\ rankLock = 1
/\ pc = <<"MainLoop", "l2">>
/\ freq = 31
/\ words = <<19, 50>>

@!@!@ENDMSG 2217 @!@!@
@!@!@STARTMSG 2217:4 @!@!@
127: <MainLoop line 62, col 19 to line 66, col 58 of module Untitled>
/\ rankLock = 1
/\ pc = <<"l2", "l2">>
/\ freq = 31
/\ words = <<19, 50>>

@!@!@ENDMSG 2217 @!@!@
@!@!@STARTMSG 2217:4 @!@!@
128: <l2 line 68, col 13 to line 72, col 42 of module Untitled>
/\ rankLock = 0
/\ pc = <<"CS", "l2">>
/\ freq = 31
/\ words = <<19, 50>>

@!@!@ENDMSG 2217 @!@!@
@!@!@STARTMSG 2217:4 @!@!@
129: <CS line 74, col 13 to line 78, col 33 of module Untitled>
/\ rankLock = 0
/\ pc = <<"l6", "l2">>
/\ freq = 32
/\ words = <<18, 50>>

@!@!@ENDMSG 2217 @!@!@
@!@!@STARTMSG 2217:4 @!@!@
130: <l6 line 80, col 13 to line 85, col 42 of module Untitled>
/\ rankLock = 1
/\ pc = <<"MainLoop", "l2">>
/\ freq = 32
/\ words = <<18, 50>>

@!@!@ENDMSG 2217 @!@!@
@!@!@STARTMSG 2217:4 @!@!@
131: <MainLoop line 62, col 19 to line 66, col 58 of module Untitled>
/\ rankLock = 1
/\ pc = <<"l2", "l2">>
/\ freq = 32
/\ words = <<18, 50>>

@!@!@ENDMSG 2217 @!@!@
@!@!@STARTMSG 2217:4 @!@!@
132: <l2 line 68, col 13 to line 72, col 42 of module Untitled>
/\ rankLock = 0
/\ pc = <<"CS", "l2">>
/\ freq = 32
/\ words = <<18, 50>>

@!@!@ENDMSG 2217 @!@!@
@!@!@STARTMSG 2217:4 @!@!@
133: <CS line 74, col 13 to line 78, col 33 of module Untitled>
/\ rankLock = 0
/\ pc = <<"l6", "l2">>
/\ freq = 33
/\ words = <<17, 50>>

@!@!@ENDMSG 2217 @!@!@
@!@!@STARTMSG 2217:4 @!@!@
134: <l6 line 80, col 13 to line 85, col 42 of module Untitled>
/\ rankLock = 1
/\ pc = <<"MainLoop", "l2">>
/\ freq = 33
/\ words = <<17, 50>>

@!@!@ENDMSG 2217 @!@!@
@!@!@STARTMSG 2217:4 @!@!@
135: <MainLoop line 62, col 19 to line 66, col 58 of module Untitled>
/\ rankLock = 1
/\ pc = <<"l2", "l2">>
/\ freq = 33
/\ words = <<17, 50>>

@!@!@ENDMSG 2217 @!@!@
@!@!@STARTMSG 2217:4 @!@!@
136: <l2 line 68, col 13 to line 72, col 42 of module Untitled>
/\ rankLock = 0
/\ pc = <<"CS", "l2">>
/\ freq = 33
/\ words = <<17, 50>>

@!@!@ENDMSG 2217 @!@!@
@!@!@STARTMSG 2217:4 @!@!@
137: <CS line 74, col 13 to line 78, col 33 of module Untitled>
/\ rankLock = 0
/\ pc = <<"l6", "l2">>
/\ freq = 34
/\ words = <<16, 50>>

@!@!@ENDMSG 2217 @!@!@
@!@!@STARTMSG 2217:4 @!@!@
138: <l6 line 80, col 13 to line 85, col 42 of module Untitled>
/\ rankLock = 1
/\ pc = <<"MainLoop", "l2">>
/\ freq = 34
/\ words = <<16, 50>>

@!@!@ENDMSG 2217 @!@!@
@!@!@STARTMSG 2217:4 @!@!@
139: <MainLoop line 62, col 19 to line 66, col 58 of module Untitled>
/\ rankLock = 1
/\ pc = <<"l2", "l2">>
/\ freq = 34
/\ words = <<16, 50>>

@!@!@ENDMSG 2217 @!@!@
@!@!@STARTMSG 2217:4 @!@!@
140: <l2 line 68, col 13 to line 72, col 42 of module Untitled>
/\ rankLock = 0
/\ pc = <<"CS", "l2">>
/\ freq = 34
/\ words = <<16, 50>>

@!@!@ENDMSG 2217 @!@!@
@!@!@STARTMSG 2217:4 @!@!@
141: <CS line 74, col 13 to line 78, col 33 of module Untitled>
/\ rankLock = 0
/\ pc = <<"l6", "l2">>
/\ freq = 35
/\ words = <<15, 50>>

@!@!@ENDMSG 2217 @!@!@
@!@!@STARTMSG 2217:4 @!@!@
142: <l6 line 80, col 13 to line 85, col 42 of module Untitled>
/\ rankLock = 1
/\ pc = <<"MainLoop", "l2">>
/\ freq = 35
/\ words = <<15, 50>>

@!@!@ENDMSG 2217 @!@!@
@!@!@STARTMSG 2217:4 @!@!@
143: <MainLoop line 62, col 19 to line 66, col 58 of module Untitled>
/\ rankLock = 1
/\ pc = <<"l2", "l2">>
/\ freq = 35
/\ words = <<15, 50>>

@!@!@ENDMSG 2217 @!@!@
@!@!@STARTMSG 2217:4 @!@!@
144: <l2 line 68, col 13 to line 72, col 42 of module Untitled>
/\ rankLock = 0
/\ pc = <<"CS", "l2">>
/\ freq = 35
/\ words = <<15, 50>>

@!@!@ENDMSG 2217 @!@!@
@!@!@STARTMSG 2217:4 @!@!@
145: <CS line 74, col 13 to line 78, col 33 of module Untitled>
/\ rankLock = 0
/\ pc = <<"l6", "l2">>
/\ freq = 36
/\ words = <<14, 50>>

@!@!@ENDMSG 2217 @!@!@
@!@!@STARTMSG 2217:4 @!@!@
146: <l6 line 80, col 13 to line 85, col 42 of module Untitled>
/\ rankLock = 1
/\ pc = <<"MainLoop", "l2">>
/\ freq = 36
/\ words = <<14, 50>>

@!@!@ENDMSG 2217 @!@!@
@!@!@STARTMSG 2217:4 @!@!@
147: <MainLoop line 62, col 19 to line 66, col 58 of module Untitled>
/\ rankLock = 1
/\ pc = <<"l2", "l2">>
/\ freq = 36
/\ words = <<14, 50>>

@!@!@ENDMSG 2217 @!@!@
@!@!@STARTMSG 2217:4 @!@!@
148: <l2 line 68, col 13 to line 72, col 42 of module Untitled>
/\ rankLock = 0
/\ pc = <<"CS", "l2">>
/\ freq = 36
/\ words = <<14, 50>>

@!@!@ENDMSG 2217 @!@!@
@!@!@STARTMSG 2217:4 @!@!@
149: <CS line 74, col 13 to line 78, col 33 of module Untitled>
/\ rankLock = 0
/\ pc = <<"l6", "l2">>
/\ freq = 37
/\ words = <<13, 50>>

@!@!@ENDMSG 2217 @!@!@
@!@!@STARTMSG 2217:4 @!@!@
150: <l6 line 80, col 13 to line 85, col 42 of module Untitled>
/\ rankLock = 1
/\ pc = <<"MainLoop", "l2">>
/\ freq = 37
/\ words = <<13, 50>>

@!@!@ENDMSG 2217 @!@!@
@!@!@STARTMSG 2217:4 @!@!@
151: <MainLoop line 62, col 19 to line 66, col 58 of module Untitled>
/\ rankLock = 1
/\ pc = <<"l2", "l2">>
/\ freq = 37
/\ words = <<13, 50>>

@!@!@ENDMSG 2217 @!@!@
@!@!@STARTMSG 2217:4 @!@!@
152: <l2 line 68, col 13 to line 72, col 42 of module Untitled>
/\ rankLock = 0
/\ pc = <<"CS", "l2">>
/\ freq = 37
/\ words = <<13, 50>>

@!@!@ENDMSG 2217 @!@!@
@!@!@STARTMSG 2217:4 @!@!@
153: <CS line 74, col 13 to line 78, col 33 of module Untitled>
/\ rankLock = 0
/\ pc = <<"l6", "l2">>
/\ freq = 38
/\ words = <<12, 50>>

@!@!@ENDMSG 2217 @!@!@
@!@!@STARTMSG 2217:4 @!@!@
154: <l6 line 80, col 13 to line 85, col 42 of module Untitled>
/\ rankLock = 1
/\ pc = <<"MainLoop", "l2">>
/\ freq = 38
/\ words = <<12, 50>>

@!@!@ENDMSG 2217 @!@!@
@!@!@STARTMSG 2217:4 @!@!@
155: <MainLoop line 62, col 19 to line 66, col 58 of module Untitled>
/\ rankLock = 1
/\ pc = <<"l2", "l2">>
/\ freq = 38
/\ words = <<12, 50>>

@!@!@ENDMSG 2217 @!@!@
@!@!@STARTMSG 2217:4 @!@!@
156: <l2 line 68, col 13 to line 72, col 42 of module Untitled>
/\ rankLock = 0
/\ pc = <<"CS", "l2">>
/\ freq = 38
/\ words = <<12, 50>>

@!@!@ENDMSG 2217 @!@!@
@!@!@STARTMSG 2217:4 @!@!@
157: <CS line 74, col 13 to line 78, col 33 of module Untitled>
/\ rankLock = 0
/\ pc = <<"l6", "l2">>
/\ freq = 39
/\ words = <<11, 50>>

@!@!@ENDMSG 2217 @!@!@
@!@!@STARTMSG 2217:4 @!@!@
158: <l6 line 80, col 13 to line 85, col 42 of module Untitled>
/\ rankLock = 1
/\ pc = <<"MainLoop", "l2">>
/\ freq = 39
/\ words = <<11, 50>>

@!@!@ENDMSG 2217 @!@!@
@!@!@STARTMSG 2217:4 @!@!@
159: <MainLoop line 62, col 19 to line 66, col 58 of module Untitled>
/\ rankLock = 1
/\ pc = <<"l2", "l2">>
/\ freq = 39
/\ words = <<11, 50>>

@!@!@ENDMSG 2217 @!@!@
@!@!@STARTMSG 2217:4 @!@!@
160: <l2 line 68, col 13 to line 72, col 42 of module Untitled>
/\ rankLock = 0
/\ pc = <<"CS", "l2">>
/\ freq = 39
/\ words = <<11, 50>>

@!@!@ENDMSG 2217 @!@!@
@!@!@STARTMSG 2217:4 @!@!@
161: <CS line 74, col 13 to line 78, col 33 of module Untitled>
/\ rankLock = 0
/\ pc = <<"l6", "l2">>
/\ freq = 40
/\ words = <<10, 50>>

@!@!@ENDMSG 2217 @!@!@
@!@!@STARTMSG 2217:4 @!@!@
162: <l6 line 80, col 13 to line 85, col 42 of module Untitled>
/\ rankLock = 1
/\ pc = <<"MainLoop", "l2">>
/\ freq = 40
/\ words = <<10, 50>>

@!@!@ENDMSG 2217 @!@!@
@!@!@STARTMSG 2217:4 @!@!@
163: <MainLoop line 62, col 19 to line 66, col 58 of module Untitled>
/\ rankLock = 1
/\ pc = <<"l2", "l2">>
/\ freq = 40
/\ words = <<10, 50>>

@!@!@ENDMSG 2217 @!@!@
@!@!@STARTMSG 2217:4 @!@!@
164: <l2 line 68, col 13 to line 72, col 42 of module Untitled>
/\ rankLock = 0
/\ pc = <<"CS", "l2">>
/\ freq = 40
/\ words = <<10, 50>>

@!@!@ENDMSG 2217 @!@!@
@!@!@STARTMSG 2217:4 @!@!@
165: <CS line 74, col 13 to line 78, col 33 of module Untitled>
/\ rankLock = 0
/\ pc = <<"l6", "l2">>
/\ freq = 41
/\ words = <<9, 50>>

@!@!@ENDMSG 2217 @!@!@
@!@!@STARTMSG 2217:4 @!@!@
166: <l6 line 80, col 13 to line 85, col 42 of module Untitled>
/\ rankLock = 1
/\ pc = <<"MainLoop", "l2">>
/\ freq = 41
/\ words = <<9, 50>>

@!@!@ENDMSG 2217 @!@!@
@!@!@STARTMSG 2217:4 @!@!@
167: <MainLoop line 62, col 19 to line 66, col 58 of module Untitled>
/\ rankLock = 1
/\ pc = <<"l2", "l2">>
/\ freq = 41
/\ words = <<9, 50>>

@!@!@ENDMSG 2217 @!@!@
@!@!@STARTMSG 2217:4 @!@!@
168: <l2 line 68, col 13 to line 72, col 42 of module Untitled>
/\ rankLock = 0
/\ pc = <<"CS", "l2">>
/\ freq = 41
/\ words = <<9, 50>>

@!@!@ENDMSG 2217 @!@!@
@!@!@STARTMSG 2217:4 @!@!@
169: <CS line 74, col 13 to line 78, col 33 of module Untitled>
/\ rankLock = 0
/\ pc = <<"l6", "l2">>
/\ freq = 42
/\ words = <<8, 50>>

@!@!@ENDMSG 2217 @!@!@
@!@!@STARTMSG 2217:4 @!@!@
170: <l6 line 80, col 13 to line 85, col 42 of module Untitled>
/\ rankLock = 1
/\ pc = <<"MainLoop", "l2">>
/\ freq = 42
/\ words = <<8, 50>>

@!@!@ENDMSG 2217 @!@!@
@!@!@STARTMSG 2217:4 @!@!@
171: <MainLoop line 62, col 19 to line 66, col 58 of module Untitled>
/\ rankLock = 1
/\ pc = <<"l2", "l2">>
/\ freq = 42
/\ words = <<8, 50>>

@!@!@ENDMSG 2217 @!@!@
@!@!@STARTMSG 2217:4 @!@!@
172: <l2 line 68, col 13 to line 72, col 42 of module Untitled>
/\ rankLock = 0
/\ pc = <<"CS", "l2">>
/\ freq = 42
/\ words = <<8, 50>>

@!@!@ENDMSG 2217 @!@!@
@!@!@STARTMSG 2217:4 @!@!@
173: <CS line 74, col 13 to line 78, col 33 of module Untitled>
/\ rankLock = 0
/\ pc = <<"l6", "l2">>
/\ freq = 43
/\ words = <<7, 50>>

@!@!@ENDMSG 2217 @!@!@
@!@!@STARTMSG 2217:4 @!@!@
174: <l6 line 80, col 13 to line 85, col 42 of module Untitled>
/\ rankLock = 1
/\ pc = <<"MainLoop", "l2">>
/\ freq = 43
/\ words = <<7, 50>>

@!@!@ENDMSG 2217 @!@!@
@!@!@STARTMSG 2217:4 @!@!@
175: <MainLoop line 62, col 19 to line 66, col 58 of module Untitled>
/\ rankLock = 1
/\ pc = <<"l2", "l2">>
/\ freq = 43
/\ words = <<7, 50>>

@!@!@ENDMSG 2217 @!@!@
@!@!@STARTMSG 2217:4 @!@!@
176: <l2 line 68, col 13 to line 72, col 42 of module Untitled>
/\ rankLock = 0
/\ pc = <<"CS", "l2">>
/\ freq = 43
/\ words = <<7, 50>>

@!@!@ENDMSG 2217 @!@!@
@!@!@STARTMSG 2217:4 @!@!@
177: <CS line 74, col 13 to line 78, col 33 of module Untitled>
/\ rankLock = 0
/\ pc = <<"l6", "l2">>
/\ freq = 44
/\ words = <<6, 50>>

@!@!@ENDMSG 2217 @!@!@
@!@!@STARTMSG 2217:4 @!@!@
178: <l6 line 80, col 13 to line 85, col 42 of module Untitled>
/\ rankLock = 1
/\ pc = <<"MainLoop", "l2">>
/\ freq = 44
/\ words = <<6, 50>>

@!@!@ENDMSG 2217 @!@!@
@!@!@STARTMSG 2217:4 @!@!@
179: <MainLoop line 62, col 19 to line 66, col 58 of module Untitled>
/\ rankLock = 1
/\ pc = <<"l2", "l2">>
/\ freq = 44
/\ words = <<6, 50>>

@!@!@ENDMSG 2217 @!@!@
@!@!@STARTMSG 2217:4 @!@!@
180: <l2 line 68, col 13 to line 72, col 42 of module Untitled>
/\ rankLock = 0
/\ pc = <<"CS", "l2">>
/\ freq = 44
/\ words = <<6, 50>>

@!@!@ENDMSG 2217 @!@!@
@!@!@STARTMSG 2217:4 @!@!@
181: <CS line 74, col 13 to line 78, col 33 of module Untitled>
/\ rankLock = 0
/\ pc = <<"l6", "l2">>
/\ freq = 45
/\ words = <<5, 50>>

@!@!@ENDMSG 2217 @!@!@
@!@!@STARTMSG 2217:4 @!@!@
182: <l6 line 80, col 13 to line 85, col 42 of module Untitled>
/\ rankLock = 1
/\ pc = <<"MainLoop", "l2">>
/\ freq = 45
/\ words = <<5, 50>>

@!@!@ENDMSG 2217 @!@!@
@!@!@STARTMSG 2217:4 @!@!@
183: <MainLoop line 62, col 19 to line 66, col 58 of module Untitled>
/\ rankLock = 1
/\ pc = <<"l2", "l2">>
/\ freq = 45
/\ words = <<5, 50>>

@!@!@ENDMSG 2217 @!@!@
@!@!@STARTMSG 2217:4 @!@!@
184: <l2 line 68, col 13 to line 72, col 42 of module Untitled>
/\ rankLock = 0
/\ pc = <<"CS", "l2">>
/\ freq = 45
/\ words = <<5, 50>>

@!@!@ENDMSG 2217 @!@!@
@!@!@STARTMSG 2217:4 @!@!@
185: <CS line 74, col 13 to line 78, col 33 of module Untitled>
/\ rankLock = 0
/\ pc = <<"l6", "l2">>
/\ freq = 46
/\ words = <<4, 50>>

@!@!@ENDMSG 2217 @!@!@
@!@!@STARTMSG 2217:4 @!@!@
186: <l6 line 80, col 13 to line 85, col 42 of module Untitled>
/\ rankLock = 1
/\ pc = <<"MainLoop", "l2">>
/\ freq = 46
/\ words = <<4, 50>>

@!@!@ENDMSG 2217 @!@!@
@!@!@STARTMSG 2217:4 @!@!@
187: <MainLoop line 62, col 19 to line 66, col 58 of module Untitled>
/\ rankLock = 1
/\ pc = <<"l2", "l2">>
/\ freq = 46
/\ words = <<4, 50>>

@!@!@ENDMSG 2217 @!@!@
@!@!@STARTMSG 2217:4 @!@!@
188: <l2 line 68, col 13 to line 72, col 42 of module Untitled>
/\ rankLock = 0
/\ pc = <<"CS", "l2">>
/\ freq = 46
/\ words = <<4, 50>>

@!@!@ENDMSG 2217 @!@!@
@!@!@STARTMSG 2217:4 @!@!@
189: <CS line 74, col 13 to line 78, col 33 of module Untitled>
/\ rankLock = 0
/\ pc = <<"l6", "l2">>
/\ freq = 47
/\ words = <<3, 50>>

@!@!@ENDMSG 2217 @!@!@
@!@!@STARTMSG 2217:4 @!@!@
190: <l6 line 80, col 13 to line 85, col 42 of module Untitled>
/\ rankLock = 1
/\ pc = <<"MainLoop", "l2">>
/\ freq = 47
/\ words = <<3, 50>>

@!@!@ENDMSG 2217 @!@!@
@!@!@STARTMSG 2217:4 @!@!@
191: <MainLoop line 62, col 19 to line 66, col 58 of module Untitled>
/\ rankLock = 1
/\ pc = <<"l2", "l2">>
/\ freq = 47
/\ words = <<3, 50>>

@!@!@ENDMSG 2217 @!@!@
@!@!@STARTMSG 2217:4 @!@!@
192: <l2 line 68, col 13 to line 72, col 42 of module Untitled>
/\ rankLock = 0
/\ pc = <<"CS", "l2">>
/\ freq = 47
/\ words = <<3, 50>>

@!@!@ENDMSG 2217 @!@!@
@!@!@STARTMSG 2217:4 @!@!@
193: <CS line 74, col 13 to line 78, col 33 of module Untitled>
/\ rankLock = 0
/\ pc = <<"l6", "l2">>
/\ freq = 48
/\ words = <<2, 50>>

@!@!@ENDMSG 2217 @!@!@
@!@!@STARTMSG 2217:4 @!@!@
194: <l6 line 80, col 13 to line 85, col 42 of module Untitled>
/\ rankLock = 1
/\ pc = <<"MainLoop", "l2">>
/\ freq = 48
/\ words = <<2, 50>>

@!@!@ENDMSG 2217 @!@!@
@!@!@STARTMSG 2217:4 @!@!@
195: <MainLoop line 62, col 19 to line 66, col 58 of module Untitled>
/\ rankLock = 1
/\ pc = <<"l2", "l2">>
/\ freq = 48
/\ words = <<2, 50>>

@!@!@ENDMSG 2217 @!@!@
@!@!@STARTMSG 2217:4 @!@!@
196: <l2 line 68, col 13 to line 72, col 42 of module Untitled>
/\ rankLock = 0
/\ pc = <<"CS", "l2">>
/\ freq = 48
/\ words = <<2, 50>>

@!@!@ENDMSG 2217 @!@!@
@!@!@STARTMSG 2217:4 @!@!@
197: <CS line 74, col 13 to line 78, col 33 of module Untitled>
/\ rankLock = 0
/\ pc = <<"l6", "l2">>
/\ freq = 49
/\ words = <<1, 50>>

@!@!@ENDMSG 2217 @!@!@
@!@!@STARTMSG 2217:4 @!@!@
198: <l6 line 80, col 13 to line 85, col 42 of module Untitled>
/\ rankLock = 1
/\ pc = <<"MainLoop", "l2">>
/\ freq = 49
/\ words = <<1, 50>>

@!@!@ENDMSG 2217 @!@!@
@!@!@STARTMSG 2217:4 @!@!@
199: <MainLoop line 62, col 19 to line 66, col 58 of module Untitled>
/\ rankLock = 1
/\ pc = <<"l2", "l2">>
/\ freq = 49
/\ words = <<1, 50>>

@!@!@ENDMSG 2217 @!@!@
@!@!@STARTMSG 2217:4 @!@!@
200: <l2 line 68, col 13 to line 72, col 42 of module Untitled>
/\ rankLock = 0
/\ pc = <<"l2", "CS">>
/\ freq = 49
/\ words = <<1, 50>>

@!@!@ENDMSG 2217 @!@!@
@!@!@STARTMSG 2217:4 @!@!@
201: <CS line 74, col 13 to line 78, col 33 of module Untitled>
/\ rankLock = 0
/\ pc = <<"l2", "l6">>
/\ freq = 50
/\ words = <<1, 49>>

@!@!@ENDMSG 2217 @!@!@
@!@!@STARTMSG 2217:4 @!@!@
202: <l6 line 80, col 13 to line 85, col 42 of module Untitled>
/\ rankLock = 1
/\ pc = <<"l2", "MainLoop">>
/\ freq = 50
/\ words = <<1, 49>>

@!@!@ENDMSG 2217 @!@!@
@!@!@STARTMSG 2217:4 @!@!@
203: <l2 line 68, col 13 to line 72, col 42 of module Untitled>
/\ rankLock = 0
/\ pc = <<"CS", "MainLoop">>
/\ freq = 50
/\ words = <<1, 49>>

@!@!@ENDMSG 2217 @!@!@
@!@!@STARTMSG 2217:4 @!@!@
204: <CS line 74, col 13 to line 78, col 33 of module Untitled>
/\ rankLock = 0
/\ pc = <<"l6", "MainLoop">>
/\ freq = 51
/\ words = <<0, 49>>

@!@!@ENDMSG 2217 @!@!@
@!@!@STARTMSG 2103:1 @!@!@
The error occurred when TLC was evaluating the nested
expressions at the following positions:
0. Line 80, column 13 to line 85, column 42 in Untitled
1. Line 80, column 16 to line 80, column 30 in Untitled
2. Line 81, column 16 to line 81, column 28 in Untitled
3. Line 82, column 16 to line 83, column 68 in Untitled


@!@!@ENDMSG 2103 @!@!@
@!@!@STARTMSG 2201:0 @!@!@
The coverage statistics at 2021-04-06 17:53:15
@!@!@ENDMSG 2201 @!@!@
@!@!@STARTMSG 2773:0 @!@!@
<Init line 55, col 1 to line 55, col 4 of module Untitled>: 2:2
@!@!@ENDMSG 2773 @!@!@
@!@!@STARTMSG 2221:0 @!@!@
  line 56, col 9 to line 60, col 49 of module Untitled: 2
@!@!@ENDMSG 2221 @!@!@
@!@!@STARTMSG 2772:0 @!@!@
<MainLoop line 62, col 1 to line 62, col 14 of module Untitled>: 5379:10546
@!@!@ENDMSG 2772 @!@!@
@!@!@STARTMSG 2221:0 @!@!@
  line 62, col 22 to line 62, col 42 of module Untitled: 41935
@!@!@ENDMSG 2221 @!@!@
@!@!@STARTMSG 2221:0 @!@!@
  |line 62, col 22 to line 62, col 29 of module Untitled: 31389
@!@!@ENDMSG 2221 @!@!@
@!@!@STARTMSG 2221:0 @!@!@
  line 63, col 25 to line 63, col 38 of module Untitled: 10546
@!@!@ENDMSG 2221 @!@!@
@!@!@STARTMSG 2221:0 @!@!@
  line 64, col 30 to line 64, col 64 of module Untitled: 10540
@!@!@ENDMSG 2221 @!@!@
@!@!@STARTMSG 2221:0 @!@!@
  line 65, col 30 to line 65, col 66 of module Untitled: 6
@!@!@ENDMSG 2221 @!@!@
@!@!@STARTMSG 2221:0 @!@!@
  line 66, col 22 to line 66, col 58 of module Untitled: 10546
@!@!@ENDMSG 2221 @!@!@
@!@!@STARTMSG 2772:0 @!@!@
<l2 line 68, col 1 to line 68, col 8 of module Untitled>: 4002:5343
@!@!@ENDMSG 2772 @!@!@
@!@!@STARTMSG 2221:0 @!@!@
  line 68, col 16 to line 68, col 30 of module Untitled: 36681
@!@!@ENDMSG 2221 @!@!@
@!@!@STARTMSG 2221:0 @!@!@
  |line 68, col 16 to line 68, col 23 of module Untitled: 31338
@!@!@ENDMSG 2221 @!@!@
@!@!@STARTMSG 2221:0 @!@!@
  line 69, col 16 to line 69, col 27 of module Untitled: 15788
@!@!@ENDMSG 2221 @!@!@
@!@!@STARTMSG 2221:0 @!@!@
  |line 69, col 16 to line 69, col 23 of module Untitled: 10445
@!@!@ENDMSG 2221 @!@!@
@!@!@STARTMSG 2221:0 @!@!@
  line 70, col 16 to line 70, col 28 of module Untitled: 5343
@!@!@ENDMSG 2221 @!@!@
@!@!@STARTMSG 2221:0 @!@!@
  line 71, col 16 to line 71, col 47 of module Untitled: 5343
@!@!@ENDMSG 2221 @!@!@
@!@!@STARTMSG 2221:0 @!@!@
  line 72, col 16 to line 72, col 42 of module Untitled: 5343
@!@!@ENDMSG 2221 @!@!@
@!@!@STARTMSG 2772:0 @!@!@
<CS line 74, col 1 to line 74, col 8 of module Untitled>: 3911:5242
@!@!@ENDMSG 2772 @!@!@
@!@!@STARTMSG 2221:0 @!@!@
  line 74, col 16 to line 74, col 30 of module Untitled: 36529
@!@!@ENDMSG 2221 @!@!@
@!@!@STARTMSG 2221:0 @!@!@
  |line 74, col 16 to line 74, col 23 of module Untitled: 31287
@!@!@ENDMSG 2221 @!@!@
@!@!@STARTMSG 2221:0 @!@!@
  line 75, col 16 to line 75, col 64 of module Untitled: 5242
@!@!@ENDMSG 2221 @!@!@
@!@!@STARTMSG 2221:0 @!@!@
  line 76, col 16 to line 76, col 31 of module Untitled: 5242
@!@!@ENDMSG 2221 @!@!@
@!@!@STARTMSG 2221:0 @!@!@
  line 77, col 16 to line 77, col 47 of module Untitled: 5242
@!@!@ENDMSG 2221 @!@!@
@!@!@STARTMSG 2221:0 @!@!@
  line 78, col 16 to line 78, col 33 of module Untitled: 5242
@!@!@ENDMSG 2221 @!@!@
@!@!@STARTMSG 2772:0 @!@!@
<l6 line 80, col 1 to line 80, col 8 of module Untitled>: 2489:5150
@!@!@ENDMSG 2772 @!@!@
@!@!@STARTMSG 2221:0 @!@!@
  line 80, col 16 to line 80, col 30 of module Untitled: 36386
@!@!@ENDMSG 2221 @!@!@
@!@!@STARTMSG 2221:0 @!@!@
  |line 80, col 16 to line 80, col 23 of module Untitled: 31236
@!@!@ENDMSG 2221 @!@!@
@!@!@STARTMSG 2221:0 @!@!@
  line 81, col 16 to line 81, col 28 of module Untitled: 5150
@!@!@ENDMSG 2221 @!@!@
@!@!@STARTMSG 2221:0 @!@!@
  line 82, col 16 to line 83, col 68 of module Untitled: 5150
@!@!@ENDMSG 2221 @!@!@
@!@!@STARTMSG 2221:0 @!@!@
  |line 82, col 23 to line 82, col 58 of module Untitled: 5153
@!@!@ENDMSG 2221 @!@!@
@!@!@STARTMSG 2221:0 @!@!@
  line 84, col 16 to line 84, col 53 of module Untitled: 5150
@!@!@ENDMSG 2221 @!@!@
@!@!@STARTMSG 2221:0 @!@!@
  line 85, col 16 to line 85, col 42 of module Untitled: 5150
@!@!@ENDMSG 2221 @!@!@
@!@!@STARTMSG 2772:0 @!@!@
<Terminating line 90, col 1 to line 90, col 11 of module Untitled>: 0:0
@!@!@ENDMSG 2772 @!@!@
@!@!@STARTMSG 2221:0 @!@!@
  line 90, col 40 to line 90, col 56 of module Untitled: 15592
@!@!@ENDMSG 2221 @!@!@
@!@!@STARTMSG 2221:0 @!@!@
  line 90, col 31 to line 90, col 37 of module Untitled: 15589
@!@!@ENDMSG 2221 @!@!@
@!@!@STARTMSG 2221:0 @!@!@
  line 91, col 19 to line 91, col 32 of module Untitled: 0
@!@!@ENDMSG 2221 @!@!@
@!@!@STARTMSG 2774:0 @!@!@
<Action line 47, col 22 to line 47, col 51 of module Untitled>
@!@!@ENDMSG 2774 @!@!@
@!@!@STARTMSG 2221:0 @!@!@
  line 47, col 22 to line 47, col 51 of module Untitled: 15782
@!@!@ENDMSG 2221 @!@!@
@!@!@STARTMSG 2221:0 @!@!@
  |line 47, col 24 to line 47, col 50 of module Untitled: 15782
@!@!@ENDMSG 2221 @!@!@
@!@!@STARTMSG 2221:0 @!@!@
  ||line 47, col 39 to line 47, col 50 of module Untitled: 18426
@!@!@ENDMSG 2221 @!@!@
@!@!@STARTMSG 2221:0 @!@!@
  ||line 47, col 33 to line 47, col 36 of module Untitled: 15782
@!@!@ENDMSG 2221 @!@!@
@!@!@STARTMSG 2202:0 @!@!@
End of statistics.
@!@!@ENDMSG 2202 @!@!@
@!@!@STARTMSG 2200:0 @!@!@
Progress(205) at 2021-04-06 17:53:15: 26.071 states generated (592.074 s/min), 15.782 distinct states found (358.410 ds/min), 194 states left on queue.
@!@!@ENDMSG 2200 @!@!@
@!@!@STARTMSG 2199:0 @!@!@
26071 states generated, 15782 distinct states found, 194 states left on queue.
@!@!@ENDMSG 2199 @!@!@
@!@!@STARTMSG 2186:0 @!@!@
Finished in 2664ms at (2021-04-06 17:53:15)
@!@!@ENDMSG 2186 @!@!@
